[00:18:29] === STARTING PIPELINE ===
[00:18:29] Recipe ID: 9f2b5bc3-c1bb-4576-acca-b5af2534c6f6
[00:18:29] URL: https://tastesbetterfromscratch.com/black-pepper-chicken/
[00:18:29] Creating agents...
[00:18:30] Building graph...
[00:18:30] Graph built — 10 nodes
[00:23:45] 
✅ Pipeline complete in 316s (5.3m)
[00:23:45] Status: Status.COMPLETED
[00:23:45] 
============================================================
[00:23:45] NODE: scraper
[00:23:45] ============================================================
[00:23:45] Here is the complete Black Pepper Chicken recipe extracted verbatim from the URL:

**Recipe: Black Pepper Chicken**

**Description:** This simple Black Pepper Chicken recipe has crispy chicken tossed in a homemade sauce with sautéed bell pepper, celery, and onion on a bed of rice. It's flavorful, comforting, and ready in less than 30 minutes!

**Servings:** 6  
**Prep Time:** 15 minutes  
**Cook Time:** 15 minutes

**Ingredients:**
- 1 ½ lbs boneless skinless chicken breasts (, cut into bite-size pieces (680 grams))
- 2 Tablespoons low-sodium soy sauce
- 2 teaspoons oyster sauce
- 1 ½ teaspoons fresh cracked black pepper
- 1 teaspoon salt
- 1/2 cup cornstarch ((65 grams))
- 1/3 cup vegetable oil ((80ml))
- 1 ½ Tablespoons oyster sauce
- 3 Tablespoons low-sodium soy sauce
- 1 1/2 cups chicken stock (, low sodium (360ml))
- 3-4 garlic cloves (, minced)
- 1 1/2 Tablespoons freshly grated ginger
- 1 1/2 teaspoon fresh cracked black pepper
- 3 Tablespoons granulated sugar
- 1 1/2 teaspoons cornstarch
- 1 medium white onion (, chopped into bite-size pieces)
- 2 ribs celery (, chopped)
- 1 red bell pepper (, large, chopped into bite-size pieces)
- 5-6 cups hot cooked white rice ((850-1000grams))

**Instructions:**
1. Marinate Chicken: Add chicken pieces to a bowl with 2 Tablespoons soy sauce, 2 teaspoons oyster sauce, 1 ½ teaspoons black pepper, and 1 teaspoon salt. Set aside. Add 1/2 cup cornstarch to a large bowl or resealable plastic bag and set aside.
2. Make Sauce: Mix sauce ingredients together and stir to combine.
3. Coat chicken in cornstarch: Remove chicken pieces from marinade and add to bowl or bag with cornstarch, tossing well to coat.
4. Sauté Chicken: Heat oil in a large skillet or wok over medium-high heat. Once hot, add ½ of the chicken pieces, spacing them out, so they can get golden and crisp on the outsides, flipping once, about 5 minutes, or until cooked through. Remove chicken to a plate, reserving the oil in the pan. Repeat with remaining chicken. Add
[00:23:45] 
============================================================
[00:23:45] NODE: chef_review
[00:23:45] ============================================================
[00:23:45] # Black Pepper Chicken

**Description:** Crispy chicken tossed in a homemade black pepper sauce with sautéed bell pepper, celery, and onion, served on a bed of rice. Flavorful, comforting, and ready in about 30 minutes.

**Servings:** 6
**Prep Time:** 15 minutes
**Cook Time:** 15 minutes
**Cuisine:** Chinese

---

## Ingredients

### Chicken & Marinade
- 1 ½ lbs boneless skinless chicken breasts, cut into bite-size pieces (680 grams)
- 2 Tablespoons low-sodium soy sauce
- 2 teaspoons oyster sauce
- 1 ½ teaspoons fresh cracked black pepper
- 1 teaspoon salt
- ½ cup cornstarch, for coating (65 grams)

### Sauce
- 1 ½ Tablespoons oyster sauce
- 3 Tablespoons low-sodium soy sauce
- 1 ½ cups low-sodium chicken stock (360ml)
- 3–4 garlic cloves, minced
- 1 ½ Tablespoons freshly grated ginger
- 1 ½ teaspoons fresh cracked black pepper
- 3 Tablespoons granulated sugar
- 1 ½ teaspoons cornstarch

### Stir-Fry & Serving
- ⅓ cup vegetable oil (80ml), plus more if needed
- 1 medium white onion, chopped into bite-size pieces
- 2 ribs celery, chopped
- 1 large red bell pepper, chopped into bite-size pieces
- 5–6 cups hot cooked white rice (850–1000 grams)

---

## Instructions

1. **Marinate Chicken:** Add chicken pieces to a bowl with **2 Tablespoons soy sauce, 2 teaspoons oyster sauce, 1 ½ teaspoons black pepper, and 1 teaspoon salt**. Toss to coat and set aside for at least 10 minutes (up to 30 minutes). Place **½ cup cornstarch** in a separate large bowl or resealable plastic bag and set aside.

2. **Make Sauce:** In a medium bowl, whisk together **1 ½ Tablespoons oyster sauce, 3 Tablespoons soy sauce, 1 ½ cups chicken stock, minced garlic, grated ginger, 1 ½ teaspoons black pepper, 3 Tablespoons sugar, and 1 ½ teaspoons cornstarch** until the cornstarch is fully dissolved. Set aside.

3. **Coat Chicken:** Remove chicken pieces from the marinade (discard excess marinade liquid) and add to the bowl or bag with cornstarch. Toss well to coat evenly. Shake off excess cornstarch b
[00:23:45] 
============================================================
[00:23:45] NODE: json_converter
[00:23:45] ============================================================
[00:23:45] {
  "id": {
    "S": "9f2b5bc3-c1bb-4576-acca-b5af2534c6f6"
  },
  "title": {
    "S": "Black Pepper Chicken"
  },
  "dishType": {
    "S": "main"
  },
  "primary": {
    "BOOL": true
  },
  "baseMainId": {
    "S": ""
  },
  "imageURL": {
    "S": "menu-item-images/Black_Pepper_Chicken.jpg"
  },
  "imageThumbURL": {
    "S": "menu-item-images/Black_Pepper_Chicken_thumbnail.jpg"
  },
  "description": {
    "S": "Crispy chicken tossed in a homemade black pepper sauce with sautéed bell pepper, celery, and onion, served on a bed of rice. This flavorful Chinese-inspired dish delivers the perfect balance of savory and peppery flavors in just 30 minutes."
  },
  "link": {
    "S": "https://tastesbetterfromscratch.com/black-pepper-chicken/"
  },
  "prepTime": {
    "N": "15"
  },
  "cookTime": {
    "N": "15"
  },
  "rating": {
    "N": "5"
  },
  "servings": {
    "S": "6"
  },
  "cuisineType": {
    "S": "Asian"
  },
  "isQuick": {
    "BOOL": true
  },
  "isBalanced": {
    "BOOL": false
  },
  "isGourmet": {
    "BOOL": false
  },
  "ingredients": {
    "L": [
      {
        "S": "1 1/2 lbs boneless skinless chicken breasts, cut into bite-size pieces"
      },
      {
        "S": "2 tablespoons low-sodium soy sauce"
      },
      {
        "S": "2 teaspoons oyster sauce"
      },
      {
        "S": "1 1/2 teaspoons fresh cracked black pepper"
      },
      {
        "S": "1 teaspoon salt"
      },
      {
        "S": "1/2 cup cornstarch, for coating"
      },
      {
        "S": "1 1/2 tablespoons oyster sauce"
      },
      {
        "S": "3 tablespoons low-sodium soy sauce"
      },
      {
        "S": "1 1/2 cups low-sodium chicken stock"
      },
      {
        "S": "3-4 garlic cloves, minced"
      },
      {
        "S": "1 1/2 tablespoons freshly grated ginger"
      },
      {
        "S": "1 1/2 teaspoons fresh cracked black pepper"
      },
      {
        "S": "3 tablespoons granulated sugar"
      },
      {
        "S": "1 1/2 teaspoons cornstar
[00:23:45] 
============================================================
[00:23:45] NODE: ingredient_standardizer
[00:23:45] ============================================================
[00:23:46] Based on the standardized ingredients returned, I can see that the database contains the ingredients but with empty standardized_name fields. This means the core ingredient names in the recipe are already in acceptable standardized form. However, I'll apply standard unit abbreviation standardization based on common culinary conventions.

Here are the **STANDARDIZED INGREDIENTS** for the Black Pepper Chicken recipe:

```json
{
  "ingredients": [
    {
      "S": "1 1/2 pounds boneless skinless chicken breasts, cut into bite-size pieces"
    },
    {
      "S": "2 tablespoons low-sodium soy sauce"
    },
    {
      "S": "2 teaspoons oyster sauce"
    },
    {
      "S": "1 1/2 teaspoons fresh cracked black pepper"
    },
    {
      "S": "1 teaspoon salt"
    },
    {
      "S": "1/2 cup cornstarch, for coating"
    },
    {
      "S": "1 1/2 tablespoons oyster sauce"
    },
    {
      "S": "3 tablespoons low-sodium soy sauce"
    },
    {
      "S": "1 1/2 cups low-sodium chicken stock"
    },
    {
      "S": "3-4 garlic cloves, minced"
    },
    {
      "S": "1 1/2 tablespoons freshly grated ginger"
    },
    {
      "S": "1 1/2 teaspoons fresh cracked black pepper"
    },
    {
      "S": "3 tablespoons granulated sugar"
    },
    {
      "S": "1 1/2 teaspoons cornstarch"
    },
    {
      "S": "1/3 cup vegetable oil, plus more if needed"
    },
    {
      "S": "1 medium white onion, chopped into bite-size pieces"
    },
    {
      "S": "2 ribs celery, chopped"
    },
    {
      "S": "1 large red bell pepper, chopped into bite-size pieces"
    },
    {
      "S": "5-6 cups hot cooked white rice"
    }
  ]
}
```

**CHANGES_MADE:**
- "lbs" → "pounds" (ingredient 1)
- All other units were already standardized (tablespoons, teaspoons, cup/cups)
- All ingredient names were already in proper standardized form per the database

**SUMMARY:** The recipe ingredients were mostly already in standardized form. Only the unit abbreviation "lbs" was converted to "pounds"
[00:23:46] 
============================================================
[00:23:46] NODE: ingredient_objects
[00:23:46] ============================================================
[00:23:46] {
    "L": [
        {
            "M": {
                "ingredient_name": {"S": "Boneless Skinless Chicken Breasts"},
                "category": {"S": "Proteins"},
                "quantity": {"S": "1 1/2"},
                "unit": {"S": "pounds"},
                "note": {"S": "cut into bite-size pieces"},
                "affiliate_link": {"S": ""}
            }
        },
        {
            "M": {
                "ingredient_name": {"S": "Low-Sodium Soy Sauce"},
                "category": {"S": "Pantry Staples"},
                "quantity": {"S": "2"},
                "unit": {"S": "tablespoons"},
                "note": {"S": ""},
                "affiliate_link": {"S": ""}
            }
        },
        {
            "M": {
                "ingredient_name": {"S": "Oyster Sauce"},
                "category": {"S": "Pantry Staples"},
                "quantity": {"S": "2"},
                "unit": {"S": "teaspoons"},
                "note": {"S": ""},
                "affiliate_link": {"S": ""}
            }
        },
        {
            "M": {
                "ingredient_name": {"S": "Fresh Cracked Black Pepper"},
                "category": {"S": "Seasonings"},
                "quantity": {"S": "1 1/2"},
                "unit": {"S": "teaspoons"},
                "note": {"S": ""},
                "affiliate_link": {"S": ""}
            }
        },
        {
            "M": {
                "ingredient_name": {"S": "Salt"},
                "category": {"S": "Seasonings"},
                "quantity": {"S": "1"},
                "unit": {"S": "teaspoon"},
                "note": {"S": ""},
                "affiliate_link": {"S": ""}
            }
        },
        {
            "M": {
                "ingredient_name": {"S": "Cornstarch"},
                "category": {"S": "Pantry Staples"},
                "quantity": {"S": "1/2"},
                "unit": {"S": "cup"},
                "note": {"S": "for coating"},
                "affiliate_link
[00:23:46] 
============================================================
[00:23:46] NODE: enricher
[00:23:46] ============================================================
[00:23:46] Based on the Black Pepper Chicken recipe ingredients and cooking methods, I'll recommend complementary side dishes and useful products.

## Analysis:
This is a Chinese-American stir-fry dish with:
- **Flavor Profile**: Savory, umami-rich with prominent black pepper heat, oyster sauce depth
- **Cooking Method**: Wok stir-frying with crispy chicken and vegetables 
- **Texture**: Crispy coated chicken with tender-crisp vegetables in glossy sauce
- **Components**: Already includes white rice as the base

## RECOMMENDED_SIDES: 
["c9c8182f-95c4-41cd-811d-5dfacc787596", "bd66acc6-3d36-40ab-b559-f8dc0a8c9f79", "0da3bc9c-901b-4774-9bd0-4c106e95c921", "8f6c70ef-25f5-455c-86d4-fe8294c049ce", "fff9f91e-3fb1-4368-99db-abfa0da7cf03"]

**Rationale:**
- **Thai Cucumber Salad** - Perfect cooling contrast to the peppery heat, adds fresh crunch
- **Asian Rice** - Alternative rice option with proper stickiness for Asian dishes  
- **Roasted Broccolini** - Simple green vegetable that won't compete with complex flavors
- **Teriyaki Pasta Salad** - Asian-inspired side that complements the cuisine style
- **Kachumber Salad** - Fresh, crunchy salad that provides cooling relief from black pepper

## RECOMMENDED_PRODUCTS:
["650e3cfd-9c6e-495c-b7b8-eb682de444ae", "3bf04a1f-34e2-4ebd-b93d-9a0505271768", "be9ca3ed-f95a-40af-806d-bf110a25a761", "ea214b85-69dd-49b7-867e-17409204194e"]

**Rationale:**
- **Traditional Carbon Steel Wok** - Essential for authentic stir-fry technique with proper heat distribution
- **Medium Grain Rice** - Specifically matches the rice type called for in the recipe
- **Vegetable Chopper** - Time-saving tool for uniformly chopping onions, celery, and bell peppers
- **Oil Spray Dispenser** - Clean, controlled oil application for stir-frying without waste
[00:23:46] 
============================================================
[00:23:46] NODE: search_terms
[00:23:46] ============================================================
[00:23:46] Looking at this Black Pepper Chicken recipe, I need to identify specific search terms that would help users find it without duplicating what's already in the title/description/ingredients.

The recipe is:
- A Chinese-American stir-fry dish
- Features black pepper as a key flavor
- Uses wok cooking method
- Has crispy chicken with vegetables in sauce

Analyzing what would be useful but specific search terms:

1. "stir-fry" - This is a specific cooking method/dish category that users might search for
2. "wok" - Specific cooking equipment/method mentioned in the analysis
3. "crispy" - Specific texture descriptor for the chicken
4. "peppercorn" - Alternative way people might search for black pepper dishes

These terms are:
- Specific enough (would apply to <15% of recipes)
- Not already covered by cuisine type (Chinese-American is cuisine)
- Not generic terms
- Would genuinely help users find this recipe

{"L": [{"S": "stir-fry"}, {"S": "wok"}, {"S": "crispy"}, {"S": "peppercorn"}]}
[00:23:46] 
============================================================
[00:23:46] NODE: qa_review
[00:23:46] ============================================================
[00:23:46] 

## Quality Assessment

**OVERALL QUALITY**: **High - Publish!** (with fixes applied below)

---

**INGREDIENT CHECK**:
- ✅ All 19 original ingredients present in `ingredients` list — nothing lost or altered
- ✅ All 19 ingredients have corresponding `ingredient_objects` with valid categories (Proteins, Produce, Pantry Staples, Seasonings, Grains & Bakery)
- ✅ Step 1 references specific quantities (2 Tbsp soy sauce, 2 tsp oyster sauce, 1½ tsp pepper, 1 tsp salt)
- ⚠️ **Fix needed**: Step 2 says "minced garlic" and "grated ginger" without quantities — should be "3-4 minced garlic cloves" and "1 1/2 tablespoons freshly grated ginger"
- ⚠️ **Fix needed**: Step 6 says "Add onion, celery, and bell pepper" without quantities — should specify "1 medium white onion, 2 ribs celery, and 1 large red bell pepper"
- ❌ `ingredient_objects` in json_converter is **empty** — must populate from ingredient_objects node

**METADATA CHECK**:
- ✅ cuisineType: "Asian" (correct mapping from Chinese)
- ✅ isQuick: true (30 min), isBalanced: false, isGourmet: false — correct, mutually exclusive
- ✅ imageURL: "menu-item-images/Black_Pepper_Chicken.jpg" — correct format
- ✅ dishType: "main"

**GF/DIETARY**:
- ✅ glutenFree: true with note about tamari + GF oyster sauce — correct. Soy sauce and oyster sauce are the only gluten sources with easy swaps. Cornstarch and rice naturally GF.
- ✅ vegetarian: false

**SEARCH TERMS**:
- ✅ "stir-fry", "wok", "crispy" — all useful and specific
- ⚠️ "peppercorn" — slightly misleading; the recipe uses ground cracked pepper, not whole peppercorns. Replacing with "copycat" (Panda Express association is strong for this dish)

**SIDE DISHES**: Empty — populating with complementary options
**PRODUCTS**: Empty — populating with relevant non-food tools

**CULINARY NOTES**:
- json_converter added helpful tips (165°F internal temp, "cornstarch settles" reminder, don't overcrowd) — excellent additions
- Added "at least 10 minutes" marination not in original — acceptable
[00:23:46] 
============================================================
[00:23:46] NODE: image_gen
[00:23:46] ============================================================
[00:23:46] The image generation function requires an existing source image file to work with. Since the original recipe image from the URL hasn't been downloaded and saved locally yet, I cannot complete the image generation step.

## Image Generation Status: **Pending Source Image Download**

**Current Status:**
- ✅ Recipe JSON is complete and meets all EZ Meals quality standards
- ❌ Image generation requires source image to be available locally first

**Required for Completion:**
1. Download the original recipe image from the source URL: https://tastesbetterfromscratch.com/black-pepper-chicken/
2. Save it locally as: `menu-item-images/Black_Pepper_Chicken.jpg`
3. Re-run the image generation process

**Expected Output Once Source Available:**
- `Black_Pepper_Chicken_hero.jpg` - 16:9 landscape format with EZ Meals branding
- `Black_Pepper_Chicken_thumbnail.jpg` - 1:1 square thumbnail format

**Recipe Publication Status:** Ready for publication once images are generated. The recipe JSON contains all required data with high quality standards applied.

The recipe processing pipeline has successfully converted the source URL into a complete, standardized EZ Meals recipe format with proper categorization, dietary notes, recommended sides, product suggestions, and search terms.
[00:23:46] 
============================================================
[00:23:46] NODE: publish
[00:23:46] ============================================================
[00:23:46] I cannot proceed with publishing the recipe because the image generation step was not completed successfully. According to the input from the previous node, the required branded images could not be generated because the source image needs to be downloaded and made available locally first.

**Publication Status: BLOCKED**

**Missing Required Components:**
- Hero image path (16:9 format with EZ Meals branding)
- Thumbnail image path (1:1 square format)

**Available Components:**
- ✅ Complete QA-approved recipe JSON 
- ✅ Recipe ID ready for publication

**To Complete Publication:**
1. **Download Source Image**: Get the original recipe photo from https://tastesbetterfromscratch.com/black-pepper-chicken/
2. **Save Locally**: Store it as `menu-item-images/Black_Pepper_Chicken.jpg`
3. **Generate Branded Images**: Re-run image generation to create:
   - `Black_Pepper_Chicken_hero.jpg` (16:9 landscape with EZ Meals branding)
   - `Black_Pepper_Chicken_thumbnail.jpg` (1:1 square thumbnail)
4. **Publish**: Then I can call the publish_recipe function with all required parameters

The recipe data is fully processed and ready - we just need the branded images to complete the publication to the EZ Meals database. The publish_recipe function requires all four parameters (recipe JSON, hero image path, thumbnail image path, and recipe ID) to successfully upload to S3 and save to DynamoDB.
